<?xml version="1.0" encoding="UTF-8"?>
<testsuite name="com.kodilla.stream.array.ArrayOperationsTestSuite" tests="1" skipped="0" failures="0" errors="0" timestamp="2019-01-14T21:45:44" hostname="DESKTOP-AICCDSL" time="0.021">
  <properties/>
  <testcase name="testGetAverage" classname="com.kodilla.stream.array.ArrayOperationsTestSuite" time="0.021"/>
  <system-out><![CDATA[1
2
3
4
5
6
7
8
9
10
11
12
13
14
15
16
17
18
19
20
Srednia z tablicy[i] to 10.5
]]></system-out>
  <system-err><![CDATA[]]></system-err>
</testsuite>
