<?xml version="1.0" encoding="UTF-8"?>
<testsuite name="com.kodilla.stream.portfolio.BoardTestSuite" tests="5" skipped="0" failures="0" errors="0" timestamp="2019-01-14T21:45:44" hostname="DESKTOP-AICCDSL" time="0.04">
  <properties/>
  <testcase name="testAddTaskList" classname="com.kodilla.stream.portfolio.BoardTestSuite" time="0.022"/>
  <testcase name="testAddTaskListAverageWorkingOnTask" classname="com.kodilla.stream.portfolio.BoardTestSuite" time="0.01"/>
  <testcase name="testAddTaskListFindUsersTasks" classname="com.kodilla.stream.portfolio.BoardTestSuite" time="0.003"/>
  <testcase name="testAddTaskListFindLongTasks" classname="com.kodilla.stream.portfolio.BoardTestSuite" time="0.003"/>
  <testcase name="testAddTaskListFindOutdatedTasks" classname="com.kodilla.stream.portfolio.BoardTestSuite" time="0.002"/>
  <system-out><![CDATA[]]></system-out>
  <system-err><![CDATA[]]></system-err>
</testsuite>
