<?xml version="1.0" encoding="UTF-8"?>
<testsuite name="com.kodilla.stream.portfolio.BoardTestSuite" tests="5" skipped="0" failures="0" errors="0" timestamp="2019-02-03T14:33:53" hostname="DESKTOP-AICCDSL" time="0.052">
  <properties/>
  <testcase name="testAddTaskList" classname="com.kodilla.stream.portfolio.BoardTestSuite" time="0.028"/>
  <testcase name="testAddTaskListAverageWorkingOnTask" classname="com.kodilla.stream.portfolio.BoardTestSuite" time="0.008"/>
  <testcase name="testAddTaskListFindUsersTasks" classname="com.kodilla.stream.portfolio.BoardTestSuite" time="0.005"/>
  <testcase name="testAddTaskListFindLongTasks" classname="com.kodilla.stream.portfolio.BoardTestSuite" time="0.005"/>
  <testcase name="testAddTaskListFindOutdatedTasks" classname="com.kodilla.stream.portfolio.BoardTestSuite" time="0.004"/>
  <system-out><![CDATA[]]></system-out>
  <system-err><![CDATA[]]></system-err>
</testsuite>
