<?xml version="1.0" encoding="UTF-8"?>
<testsuite name="com.kodilla.testing.shape.ShapeCollectorTestSuite" tests="2" skipped="0" failures="0" errors="0" timestamp="2019-02-03T14:33:56" hostname="DESKTOP-AICCDSL" time="0.006">
  <properties/>
  <testcase name="removeFigure" classname="com.kodilla.testing.shape.ShapeCollectorTestSuite" time="0.004"/>
  <testcase name="testAddAndGetFigure" classname="com.kodilla.testing.shape.ShapeCollectorTestSuite" time="0.002"/>
  <system-out><![CDATA[This is the beginning of tests.
Preparing to execute test #1
[Square{shapeName='kwadrat', width=5.0}, Triangle{shapeName='trĂłjkÄ…t', width=5.0, widthHigh=10.0}]
[Square{shapeName='kwadrat', width=5.0}, Triangle{shapeName='trĂłjkÄ…t', width=5.0, widthHigh=10.0}]
[Triangle{shapeName='trĂłjkÄ…t', width=5.0, widthHigh=10.0}]
Preparing to execute test #2
[Circle{shapeName='koĹ‚o', r=5.0, Pi=3.14}]
All tests are finished.
]]></system-out>
  <system-err><![CDATA[]]></system-err>
</testsuite>
