<?xml version="1.0" encoding="UTF-8"?>
<testsuite name="com.kodilla.testing.library.BookDirectoryTestSuite" tests="6" skipped="0" failures="0" errors="0"
           timestamp="2018-10-22T20:37:24" hostname="DESKTOP-AICCDSL" time="0.051">
    <properties/>
    <testcase name="testListBooksWithConditionFragmentShorterThan3"
              classname="com.kodilla.testing.library.BookDirectoryTestSuite" time="0.034"/>
    <testcase name="testListBooksWithConditionMoreThan20" classname="com.kodilla.testing.library.BookDirectoryTestSuite"
              time="0.006"/>
    <testcase name="testListBooksWithConditionsReturnList"
              classname="com.kodilla.testing.library.BookDirectoryTestSuite" time="0.0"/>
    <testcase name="testListBooksInHandsOfBooksFive" classname="com.kodilla.testing.library.BookDirectoryTestSuite"
              time="0.0"/>
    <testcase name="testListBooksInHandsOfWith0Books" classname="com.kodilla.testing.library.BookDirectoryTestSuite"
              time="0.004"/>
    <testcase name="testListBooksInHandsOfBooksOne" classname="com.kodilla.testing.library.BookDirectoryTestSuite"
              time="0.001"/>
    <system-out><![CDATA[]]></system-out>
    <system-err><![CDATA[]]></system-err>
</testsuite>
