<?xml version="1.0" encoding="UTF-8"?>
<testsuite name="com.kodilla.testing.collection.CollectionTestSuite" tests="2" skipped="0" failures="0" errors="0" timestamp="2019-01-14T21:45:46" hostname="DESKTOP-AICCDSL" time="0.01">
  <properties/>
  <testcase name="testOddNumbersExterminatorEmptyList" classname="com.kodilla.testing.collection.CollectionTestSuite" time="0.009"/>
  <testcase name="testOddNumbersExterminatorNormalList" classname="com.kodilla.testing.collection.CollectionTestSuite" time="0.001"/>
  <system-out><![CDATA[Test Case: begin
Testing com.kodilla.testing.collection.OddNumbersExterminator@2bb6b118
Test Case: end
Test Case: begin
Testing com.kodilla.testing.collection.OddNumbersExterminator@416e9f80
Test Case: end
]]></system-out>
  <system-err><![CDATA[]]></system-err>
</testsuite>
