<?xml version="1.0" encoding="UTF-8"?>
<testsuite name="com.kodilla.testing.collection.CollectionTestSuite" tests="2" skipped="0" failures="0" errors="0"
           timestamp="2018-10-22T20:37:24" hostname="DESKTOP-AICCDSL" time="0.019">
    <properties/>
    <testcase name="testOddNumbersExterminatorEmptyList" classname="com.kodilla.testing.collection.CollectionTestSuite"
              time="0.018"/>
    <testcase name="testOddNumbersExterminatorNormalList" classname="com.kodilla.testing.collection.CollectionTestSuite"
              time="0.0"/>
    <system-out><![CDATA[Test Case: begin
Testing com.kodilla.testing.collection.OddNumbersExterminator@787c538a
Test Case: end
Test Case: begin
Testing com.kodilla.testing.collection.OddNumbersExterminator@4efda09e
Test Case: end
]]></system-out>
    <system-err><![CDATA[]]></system-err>
</testsuite>
